<?xml version="1.0" encoding="UTF-8"?>
<!-- Generated by org.testng.reporters.JUnitReportReporter -->
<testsuite hostname="VijayDeep" failures="0" tests="4" name="AutomationFramework.tests.submitOrderTest" time="67.634" errors="0" timestamp="2024-12-21T23:04:41 IST" skipped="1">
  <testcase classname="AutomationFramework.tests.submitOrderTest" name="submitOrder" time="11.903"/>
  <testcase classname="AutomationFramework.tests.submitOrderTest" name="submitOrder" time="29.585">
    <skipped/>
  </testcase> <!-- submitOrder -->
  <testcase classname="AutomationFramework.tests.submitOrderTest" name="submitOrder" time="13.288"/>
  <testcase classname="AutomationFramework.tests.submitOrderTest" name="orderHistoryTest" time="12.858"/>
</testsuite> <!-- AutomationFramework.tests.submitOrderTest -->
