<?xml version="1.0" encoding="UTF-8"?>
<!-- Generated by org.testng.reporters.JUnitReportReporter -->
<testsuite hostname="VijayDeep" failures="0" tests="4" name="AutomationFramework.tests.submitOrderTest" time="54.280" errors="0" timestamp="2024-12-24T10:51:44 IST" skipped="1">
  <testcase classname="AutomationFramework.tests.submitOrderTest" name="submitOrder" time="11.057">
    <skipped/>
  </testcase> <!-- submitOrder -->
  <testcase classname="AutomationFramework.tests.submitOrderTest" name="orderHistoryTest" time="12.492"/>
  <testcase classname="AutomationFramework.tests.submitOrderTest" name="submitOrder" time="13.407"/>
  <testcase classname="AutomationFramework.tests.submitOrderTest" name="submitOrder" time="17.324"/>
</testsuite> <!-- AutomationFramework.tests.submitOrderTest -->
