<?xml version="1.0" encoding="UTF-8"?>
<!-- Generated by org.testng.reporters.JUnitReportReporter -->
<testsuite hostname="VijayDeep" failures="0" tests="2" name="AutomationFramework.tests.ErrorValidation" time="24.516" errors="0" timestamp="2024-12-24T10:51:44 IST" skipped="0">
  <testcase classname="AutomationFramework.tests.ErrorValidation" name="verifyUserName" time="11.522"/>
  <testcase classname="AutomationFramework.tests.ErrorValidation" name="verifyUserpassword" time="12.994"/>
</testsuite> <!-- AutomationFramework.tests.ErrorValidation -->
